{"message":"found crate `smallvec` compiled by an incompatible version of rustc","code":{"code":"E0514","explanation":"Dependency compiled with different version of `rustc`.\n\nExample of erroneous code:\n\n`a.rs`\n```ignore (cannot-link-with-other-tests)\n// compiled with stable `rustc`\n\n#[crate_type = \"lib\"]\n```\n\n`b.rs`\n```ignore (cannot-link-with-other-tests)\n// compiled with nightly `rustc`\n\n#[crate_type = \"lib\"]\n\nextern crate a; // error: found crate `a` compiled by an incompatible version\n                //        of rustc\n```\n\nThis error is caused when the version of `rustc` used to compile a crate, as\nstored in the binary's metadata, differs from the version of one of its\ndependencies. Many parts of Rust binaries are considered unstable. For\ninstance, the Rust ABI is not stable between compiler versions. This means that\nthe compiler cannot be sure about *how* to call a function between compiler\nversions, and therefore this error occurs.\n\nThis error can be fixed by:\n * Using [Cargo](../cargo/index.html), the Rust package manager and\n   [Rustup](https://rust-lang.github.io/rustup/), the Rust toolchain installer,\n   automatically fixing this issue.\n * Recompiling the crates with a uniform `rustc` version.\n"},"level":"error","spans":[{"file_name":"/home/w/.cargo/registry/src/index.crates.io-6f17d22bba15001f/parking_lot_core-0.9.8/src/parking_lot.rs","byte_start":585,"byte_end":593,"line_start":15,"line_end":15,"column_start":5,"column_end":13,"is_primary":true,"text":[{"text":"use smallvec::SmallVec;","highlight_start":5,"highlight_end":13}],"label":null,"suggested_replacement":null,"suggestion_applicability":null,"expansion":null}],"children":[{"message":"the following crate versions were found:\ncrate `smallvec` compiled by rustc 1.73.0-nightly (db7ff98a7 2023-07-31): /home/w/go/src/github.com/seal/speed-test/automate-benchmarks/target/debug/deps/libsmallvec-ef3317bea6e80950.rmeta","code":null,"level":"note","spans":[],"children":[],"rendered":null},{"message":"please recompile that crate using this compiler (rustc 1.74.0-nightly (bdb0fa3ee 2023-09-19)) (consider running `cargo clean` first)","code":null,"level":"help","spans":[],"children":[],"rendered":null}],"rendered":"\u001b[0m\u001b[1m\u001b[38;5;9merror[E0514]\u001b[0m\u001b[0m\u001b[1m: found crate `smallvec` compiled by an incompatible version of rustc\u001b[0m\n\u001b[0m  \u001b[0m\u001b[0m\u001b[1m\u001b[38;5;12m--> \u001b[0m\u001b[0m/home/w/.cargo/registry/src/index.crates.io-6f17d22bba15001f/parking_lot_core-0.9.8/src/parking_lot.rs:15:5\u001b[0m\n\u001b[0m   \u001b[0m\u001b[0m\u001b[1m\u001b[38;5;12m|\u001b[0m\n\u001b[0m\u001b[1m\u001b[38;5;12m15\u001b[0m\u001b[0m \u001b[0m\u001b[0m\u001b[1m\u001b[38;5;12m|\u001b[0m\u001b[0m \u001b[0m\u001b[0muse smallvec::SmallVec;\u001b[0m\n\u001b[0m   \u001b[0m\u001b[0m\u001b[1m\u001b[38;5;12m| \u001b[0m\u001b[0m    \u001b[0m\u001b[0m\u001b[1m\u001b[38;5;9m^^^^^^^^\u001b[0m\n\u001b[0m   \u001b[0m\u001b[0m\u001b[1m\u001b[38;5;12m|\u001b[0m\n\u001b[0m   \u001b[0m\u001b[0m\u001b[1m\u001b[38;5;12m= \u001b[0m\u001b[0m\u001b[1mnote\u001b[0m\u001b[0m: the following crate versions were found:\u001b[0m\n\u001b[0m           crate `smallvec` compiled by rustc 1.73.0-nightly (db7ff98a7 2023-07-31): /home/w/go/src/github.com/seal/speed-test/automate-benchmarks/target/debug/deps/libsmallvec-ef3317bea6e80950.rmeta\u001b[0m\n\u001b[0m   \u001b[0m\u001b[0m\u001b[1m\u001b[38;5;12m= \u001b[0m\u001b[0m\u001b[1mhelp\u001b[0m\u001b[0m: please recompile that crate using this compiler (rustc 1.74.0-nightly (bdb0fa3ee 2023-09-19)) (consider running `cargo clean` first)\u001b[0m\n\n"}
{"message":"found crate `cfg_if` compiled by an incompatible version of rustc","code":{"code":"E0514","explanation":"Dependency compiled with different version of `rustc`.\n\nExample of erroneous code:\n\n`a.rs`\n```ignore (cannot-link-with-other-tests)\n// compiled with stable `rustc`\n\n#[crate_type = \"lib\"]\n```\n\n`b.rs`\n```ignore (cannot-link-with-other-tests)\n// compiled with nightly `rustc`\n\n#[crate_type = \"lib\"]\n\nextern crate a; // error: found crate `a` compiled by an incompatible version\n                //        of rustc\n```\n\nThis error is caused when the version of `rustc` used to compile a crate, as\nstored in the binary's metadata, differs from the version of one of its\ndependencies. Many parts of Rust binaries are considered unstable. For\ninstance, the Rust ABI is not stable between compiler versions. This means that\nthe compiler cannot be sure about *how* to call a function between compiler\nversions, and therefore this error occurs.\n\nThis error can be fixed by:\n * Using [Cargo](../cargo/index.html), the Rust package manager and\n   [Rustup](https://rust-lang.github.io/rustup/), the Rust toolchain installer,\n   automatically fixing this issue.\n * Recompiling the crates with a uniform `rustc` version.\n"},"level":"error","spans":[{"file_name":"/home/w/.cargo/registry/src/index.crates.io-6f17d22bba15001f/parking_lot_core-0.9.8/src/thread_parker/mod.rs","byte_start":4,"byte_end":10,"line_start":1,"line_end":1,"column_start":5,"column_end":11,"is_primary":true,"text":[{"text":"use cfg_if::cfg_if;","highlight_start":5,"highlight_end":11}],"label":null,"suggested_replacement":null,"suggestion_applicability":null,"expansion":null}],"children":[{"message":"the following crate versions were found:\ncrate `cfg_if` compiled by rustc 1.73.0-nightly (db7ff98a7 2023-07-31): /home/w/go/src/github.com/seal/speed-test/automate-benchmarks/target/debug/deps/libcfg_if-d488aff7a2e4faf1.rmeta","code":null,"level":"note","spans":[],"children":[],"rendered":null},{"message":"please recompile that crate using this compiler (rustc 1.74.0-nightly (bdb0fa3ee 2023-09-19)) (consider running `cargo clean` first)","code":null,"level":"help","spans":[],"children":[],"rendered":null}],"rendered":"\u001b[0m\u001b[1m\u001b[38;5;9merror[E0514]\u001b[0m\u001b[0m\u001b[1m: found crate `cfg_if` compiled by an incompatible version of rustc\u001b[0m\n\u001b[0m \u001b[0m\u001b[0m\u001b[1m\u001b[38;5;12m--> \u001b[0m\u001b[0m/home/w/.cargo/registry/src/index.crates.io-6f17d22bba15001f/parking_lot_core-0.9.8/src/thread_parker/mod.rs:1:5\u001b[0m\n\u001b[0m  \u001b[0m\u001b[0m\u001b[1m\u001b[38;5;12m|\u001b[0m\n\u001b[0m\u001b[1m\u001b[38;5;12m1\u001b[0m\u001b[0m \u001b[0m\u001b[0m\u001b[1m\u001b[38;5;12m|\u001b[0m\u001b[0m \u001b[0m\u001b[0muse cfg_if::cfg_if;\u001b[0m\n\u001b[0m  \u001b[0m\u001b[0m\u001b[1m\u001b[38;5;12m| \u001b[0m\u001b[0m    \u001b[0m\u001b[0m\u001b[1m\u001b[38;5;9m^^^^^^\u001b[0m\n\u001b[0m  \u001b[0m\u001b[0m\u001b[1m\u001b[38;5;12m|\u001b[0m\n\u001b[0m  \u001b[0m\u001b[0m\u001b[1m\u001b[38;5;12m= \u001b[0m\u001b[0m\u001b[1mnote\u001b[0m\u001b[0m: the following crate versions were found:\u001b[0m\n\u001b[0m          crate `cfg_if` compiled by rustc 1.73.0-nightly (db7ff98a7 2023-07-31): /home/w/go/src/github.com/seal/speed-test/automate-benchmarks/target/debug/deps/libcfg_if-d488aff7a2e4faf1.rmeta\u001b[0m\n\u001b[0m  \u001b[0m\u001b[0m\u001b[1m\u001b[38;5;12m= \u001b[0m\u001b[0m\u001b[1mhelp\u001b[0m\u001b[0m: please recompile that crate using this compiler (rustc 1.74.0-nightly (bdb0fa3ee 2023-09-19)) (consider running `cargo clean` first)\u001b[0m\n\n"}
{"message":"unresolved import `self::imp`","code":{"code":"E0432","explanation":"An import was unresolved.\n\nErroneous code example:\n\n```compile_fail,E0432\nuse something::Foo; // error: unresolved import `something::Foo`.\n```\n\nIn Rust 2015, paths in `use` statements are relative to the crate root. To\nimport items relative to the current and parent modules, use the `self::` and\n`super::` prefixes, respectively.\n\nIn Rust 2018 or later, paths in `use` statements are relative to the current\nmodule unless they begin with the name of a crate or a literal `crate::`, in\nwhich case they start from the crate root. As in Rust 2015 code, the `self::`\nand `super::` prefixes refer to the current and parent modules respectively.\n\nAlso verify that you didn't misspell the import name and that the import exists\nin the module from where you tried to import it. Example:\n\n```\nuse self::something::Foo; // Ok.\n\nmod something {\n    pub struct Foo;\n}\n# fn main() {}\n```\n\nIf you tried to use a module from an external crate and are using Rust 2015,\nyou may have missed the `extern crate` declaration (which is usually placed in\nthe crate root):\n\n```edition2015\nextern crate core; // Required to use the `core` crate in Rust 2015.\n\nuse core::any;\n# fn main() {}\n```\n\nSince Rust 2018 the `extern crate` declaration is not required and\nyou can instead just `use` it:\n\n```edition2018\nuse core::any; // No extern crate required in Rust 2018.\n# fn main() {}\n```\n"},"level":"error","spans":[{"file_name":"/home/w/.cargo/registry/src/index.crates.io-6f17d22bba15001f/parking_lot_core-0.9.8/src/thread_parker/mod.rs","byte_start":3040,"byte_end":3043,"line_start":85,"line_end":85,"column_start":15,"column_end":18,"is_primary":true,"text":[{"text":"pub use self::imp::{thread_yield, ThreadParker, UnparkHandle};","highlight_start":15,"highlight_end":18}],"label":"could not find `imp` in `self`","suggested_replacement":null,"suggestion_applicability":null,"expansion":null}],"children":[],"rendered":"\u001b[0m\u001b[1m\u001b[38;5;9merror[E0432]\u001b[0m\u001b[0m\u001b[1m: unresolved import `self::imp`\u001b[0m\n\u001b[0m  \u001b[0m\u001b[0m\u001b[1m\u001b[38;5;12m--> \u001b[0m\u001b[0m/home/w/.cargo/registry/src/index.crates.io-6f17d22bba15001f/parking_lot_core-0.9.8/src/thread_parker/mod.rs:85:15\u001b[0m\n\u001b[0m   \u001b[0m\u001b[0m\u001b[1m\u001b[38;5;12m|\u001b[0m\n\u001b[0m\u001b[1m\u001b[38;5;12m85\u001b[0m\u001b[0m \u001b[0m\u001b[0m\u001b[1m\u001b[38;5;12m|\u001b[0m\u001b[0m \u001b[0m\u001b[0mpub use self::imp::{thread_yield, ThreadParker, UnparkHandle};\u001b[0m\n\u001b[0m   \u001b[0m\u001b[0m\u001b[1m\u001b[38;5;12m| \u001b[0m\u001b[0m              \u001b[0m\u001b[0m\u001b[1m\u001b[38;5;9m^^^\u001b[0m\u001b[0m \u001b[0m\u001b[0m\u001b[1m\u001b[38;5;9mcould not find `imp` in `self`\u001b[0m\n\n"}
{"message":"found crate `cfg_if` compiled by an incompatible version of rustc","code":{"code":"E0514","explanation":"Dependency compiled with different version of `rustc`.\n\nExample of erroneous code:\n\n`a.rs`\n```ignore (cannot-link-with-other-tests)\n// compiled with stable `rustc`\n\n#[crate_type = \"lib\"]\n```\n\n`b.rs`\n```ignore (cannot-link-with-other-tests)\n// compiled with nightly `rustc`\n\n#[crate_type = \"lib\"]\n\nextern crate a; // error: found crate `a` compiled by an incompatible version\n                //        of rustc\n```\n\nThis error is caused when the version of `rustc` used to compile a crate, as\nstored in the binary's metadata, differs from the version of one of its\ndependencies. Many parts of Rust binaries are considered unstable. For\ninstance, the Rust ABI is not stable between compiler versions. This means that\nthe compiler cannot be sure about *how* to call a function between compiler\nversions, and therefore this error occurs.\n\nThis error can be fixed by:\n * Using [Cargo](../cargo/index.html), the Rust package manager and\n   [Rustup](https://rust-lang.github.io/rustup/), the Rust toolchain installer,\n   automatically fixing this issue.\n * Recompiling the crates with a uniform `rustc` version.\n"},"level":"error","spans":[{"file_name":"/home/w/.cargo/registry/src/index.crates.io-6f17d22bba15001f/parking_lot_core-0.9.8/src/parking_lot.rs","byte_start":706,"byte_end":712,"line_start":19,"line_end":19,"column_start":1,"column_end":7,"is_primary":true,"text":[{"text":"cfg_if::cfg_if! {","highlight_start":1,"highlight_end":7}],"label":null,"suggested_replacement":null,"suggestion_applicability":null,"expansion":null}],"children":[{"message":"the following crate versions were found:\ncrate `cfg_if` compiled by rustc 1.73.0-nightly (db7ff98a7 2023-07-31): /home/w/go/src/github.com/seal/speed-test/automate-benchmarks/target/debug/deps/libcfg_if-d488aff7a2e4faf1.rmeta","code":null,"level":"note","spans":[],"children":[],"rendered":null},{"message":"please recompile that crate using this compiler (rustc 1.74.0-nightly (bdb0fa3ee 2023-09-19)) (consider running `cargo clean` first)","code":null,"level":"help","spans":[],"children":[],"rendered":null}],"rendered":"\u001b[0m\u001b[1m\u001b[38;5;9merror[E0514]\u001b[0m\u001b[0m\u001b[1m: found crate `cfg_if` compiled by an incompatible version of rustc\u001b[0m\n\u001b[0m  \u001b[0m\u001b[0m\u001b[1m\u001b[38;5;12m--> \u001b[0m\u001b[0m/home/w/.cargo/registry/src/index.crates.io-6f17d22bba15001f/parking_lot_core-0.9.8/src/parking_lot.rs:19:1\u001b[0m\n\u001b[0m   \u001b[0m\u001b[0m\u001b[1m\u001b[38;5;12m|\u001b[0m\n\u001b[0m\u001b[1m\u001b[38;5;12m19\u001b[0m\u001b[0m \u001b[0m\u001b[0m\u001b[1m\u001b[38;5;12m|\u001b[0m\u001b[0m \u001b[0m\u001b[0mcfg_if::cfg_if! {\u001b[0m\n\u001b[0m   \u001b[0m\u001b[0m\u001b[1m\u001b[38;5;12m| \u001b[0m\u001b[0m\u001b[1m\u001b[38;5;9m^^^^^^\u001b[0m\n\u001b[0m   \u001b[0m\u001b[0m\u001b[1m\u001b[38;5;12m|\u001b[0m\n\u001b[0m   \u001b[0m\u001b[0m\u001b[1m\u001b[38;5;12m= \u001b[0m\u001b[0m\u001b[1mnote\u001b[0m\u001b[0m: the following crate versions were found:\u001b[0m\n\u001b[0m           crate `cfg_if` compiled by rustc 1.73.0-nightly (db7ff98a7 2023-07-31): /home/w/go/src/github.com/seal/speed-test/automate-benchmarks/target/debug/deps/libcfg_if-d488aff7a2e4faf1.rmeta\u001b[0m\n\u001b[0m   \u001b[0m\u001b[0m\u001b[1m\u001b[38;5;12m= \u001b[0m\u001b[0m\u001b[1mhelp\u001b[0m\u001b[0m: please recompile that crate using this compiler (rustc 1.74.0-nightly (bdb0fa3ee 2023-09-19)) (consider running `cargo clean` first)\u001b[0m\n\n"}
{"message":"cannot determine resolution for the macro `cfg_if::cfg_if`","code":null,"level":"error","spans":[{"file_name":"/home/w/.cargo/registry/src/index.crates.io-6f17d22bba15001f/parking_lot_core-0.9.8/src/parking_lot.rs","byte_start":706,"byte_end":720,"line_start":19,"line_end":19,"column_start":1,"column_end":15,"is_primary":true,"text":[{"text":"cfg_if::cfg_if! {","highlight_start":1,"highlight_end":15}],"label":null,"suggested_replacement":null,"suggestion_applicability":null,"expansion":null}],"children":[{"message":"import resolution is stuck, try simplifying macro imports","code":null,"level":"note","spans":[],"children":[],"rendered":null}],"rendered":"\u001b[0m\u001b[1m\u001b[38;5;9merror\u001b[0m\u001b[0m\u001b[1m: cannot determine resolution for the macro `cfg_if::cfg_if`\u001b[0m\n\u001b[0m  \u001b[0m\u001b[0m\u001b[1m\u001b[38;5;12m--> \u001b[0m\u001b[0m/home/w/.cargo/registry/src/index.crates.io-6f17d22bba15001f/parking_lot_core-0.9.8/src/parking_lot.rs:19:1\u001b[0m\n\u001b[0m   \u001b[0m\u001b[0m\u001b[1m\u001b[38;5;12m|\u001b[0m\n\u001b[0m\u001b[1m\u001b[38;5;12m19\u001b[0m\u001b[0m \u001b[0m\u001b[0m\u001b[1m\u001b[38;5;12m|\u001b[0m\u001b[0m \u001b[0m\u001b[0mcfg_if::cfg_if! {\u001b[0m\n\u001b[0m   \u001b[0m\u001b[0m\u001b[1m\u001b[38;5;12m| \u001b[0m\u001b[0m\u001b[1m\u001b[38;5;9m^^^^^^^^^^^^^^\u001b[0m\n\u001b[0m   \u001b[0m\u001b[0m\u001b[1m\u001b[38;5;12m|\u001b[0m\n\u001b[0m   \u001b[0m\u001b[0m\u001b[1m\u001b[38;5;12m= \u001b[0m\u001b[0m\u001b[1mnote\u001b[0m\u001b[0m: import resolution is stuck, try simplifying macro imports\u001b[0m\n\n"}
{"message":"cannot determine resolution for the macro `cfg_if`","code":null,"level":"error","spans":[{"file_name":"/home/w/.cargo/registry/src/index.crates.io-6f17d22bba15001f/parking_lot_core-0.9.8/src/thread_parker/mod.rs","byte_start":2192,"byte_end":2198,"line_start":53,"line_end":53,"column_start":1,"column_end":7,"is_primary":true,"text":[{"text":"cfg_if! {","highlight_start":1,"highlight_end":7}],"label":null,"suggested_replacement":null,"suggestion_applicability":null,"expansion":null}],"children":[{"message":"import resolution is stuck, try simplifying macro imports","code":null,"level":"note","spans":[],"children":[],"rendered":null}],"rendered":"\u001b[0m\u001b[1m\u001b[38;5;9merror\u001b[0m\u001b[0m\u001b[1m: cannot determine resolution for the macro `cfg_if`\u001b[0m\n\u001b[0m  \u001b[0m\u001b[0m\u001b[1m\u001b[38;5;12m--> \u001b[0m\u001b[0m/home/w/.cargo/registry/src/index.crates.io-6f17d22bba15001f/parking_lot_core-0.9.8/src/thread_parker/mod.rs:53:1\u001b[0m\n\u001b[0m   \u001b[0m\u001b[0m\u001b[1m\u001b[38;5;12m|\u001b[0m\n\u001b[0m\u001b[1m\u001b[38;5;12m53\u001b[0m\u001b[0m \u001b[0m\u001b[0m\u001b[1m\u001b[38;5;12m|\u001b[0m\u001b[0m \u001b[0m\u001b[0mcfg_if! {\u001b[0m\n\u001b[0m   \u001b[0m\u001b[0m\u001b[1m\u001b[38;5;12m| \u001b[0m\u001b[0m\u001b[1m\u001b[38;5;9m^^^^^^\u001b[0m\n\u001b[0m   \u001b[0m\u001b[0m\u001b[1m\u001b[38;5;12m|\u001b[0m\n\u001b[0m   \u001b[0m\u001b[0m\u001b[1m\u001b[38;5;12m= \u001b[0m\u001b[0m\u001b[1mnote\u001b[0m\u001b[0m: import resolution is stuck, try simplifying macro imports\u001b[0m\n\n"}
{"message":"cannot find type `TimeoutInstant` in this scope","code":{"code":"E0412","explanation":"A used type name is not in scope.\n\nErroneous code examples:\n\n```compile_fail,E0412\nimpl Something {} // error: type name `Something` is not in scope\n\n// or:\n\ntrait Foo {\n    fn bar(N); // error: type name `N` is not in scope\n}\n\n// or:\n\nfn foo(x: T) {} // type name `T` is not in scope\n```\n\nTo fix this error, please verify you didn't misspell the type name, you did\ndeclare it or imported it into the scope. Examples:\n\n```\nstruct Something;\n\nimpl Something {} // ok!\n\n// or:\n\ntrait Foo {\n    type N;\n\n    fn bar(_: Self::N); // ok!\n}\n\n// or:\n\nfn foo<T>(x: T) {} // ok!\n```\n\nAnother case that causes this error is when a type is imported into a parent\nmodule. To fix this, you can follow the suggestion and use File directly or\n`use super::File;` which will import the types from the parent namespace. An\nexample that causes this error is below:\n\n```compile_fail,E0412\nuse std::fs::File;\n\nmod foo {\n    fn some_function(f: File) {}\n}\n```\n\n```\nuse std::fs::File;\n\nmod foo {\n    // either\n    use super::File;\n    // or\n    // use std::fs::File;\n    fn foo(f: File) {}\n}\n# fn main() {} // don't insert it for us; that'll break imports\n```\n"},"level":"error","spans":[{"file_name":"/home/w/.cargo/registry/src/index.crates.io-6f17d22bba15001f/parking_lot_core-0.9.8/src/parking_lot.rs","byte_start":3172,"byte_end":3186,"line_start":104,"line_end":104,"column_start":25,"column_end":39,"is_primary":true,"text":[{"text":"    pub fn new(timeout: TimeoutInstant, seed: u32) -> Self {","highlight_start":25,"highlight_end":39}],"label":"not found in this scope","suggested_replacement":null,"suggestion_applicability":null,"expansion":null}],"children":[],"rendered":"\u001b[0m\u001b[1m\u001b[38;5;9merror[E0412]\u001b[0m\u001b[0m\u001b[1m: cannot find type `TimeoutInstant` in this scope\u001b[0m\n\u001b[0m   \u001b[0m\u001b[0m\u001b[1m\u001b[38;5;12m--> \u001b[0m\u001b[0m/home/w/.cargo/registry/src/index.crates.io-6f17d22bba15001f/parking_lot_core-0.9.8/src/parking_lot.rs:104:25\u001b[0m\n\u001b[0m    \u001b[0m\u001b[0m\u001b[1m\u001b[38;5;12m|\u001b[0m\n\u001b[0m\u001b[1m\u001b[38;5;12m104\u001b[0m\u001b[0m \u001b[0m\u001b[0m\u001b[1m\u001b[38;5;12m|\u001b[0m\u001b[0m \u001b[0m\u001b[0m    pub fn new(timeout: TimeoutInstant, seed: u32) -> Self {\u001b[0m\n\u001b[0m    \u001b[0m\u001b[0m\u001b[1m\u001b[38;5;12m| \u001b[0m\u001b[0m                        \u001b[0m\u001b[0m\u001b[1m\u001b[38;5;9m^^^^^^^^^^^^^^\u001b[0m\u001b[0m \u001b[0m\u001b[0m\u001b[1m\u001b[38;5;9mnot found in this scope\u001b[0m\n\n"}
{"message":"cannot find type `TimeoutInstant` in this scope","code":{"code":"E0412","explanation":"A used type name is not in scope.\n\nErroneous code examples:\n\n```compile_fail,E0412\nimpl Something {} // error: type name `Something` is not in scope\n\n// or:\n\ntrait Foo {\n    fn bar(N); // error: type name `N` is not in scope\n}\n\n// or:\n\nfn foo(x: T) {} // type name `T` is not in scope\n```\n\nTo fix this error, please verify you didn't misspell the type name, you did\ndeclare it or imported it into the scope. Examples:\n\n```\nstruct Something;\n\nimpl Something {} // ok!\n\n// or:\n\ntrait Foo {\n    type N;\n\n    fn bar(_: Self::N); // ok!\n}\n\n// or:\n\nfn foo<T>(x: T) {} // ok!\n```\n\nAnother case that causes this error is when a type is imported into a parent\nmodule. To fix this, you can follow the suggestion and use File directly or\n`use super::File;` which will import the types from the parent namespace. An\nexample that causes this error is below:\n\n```compile_fail,E0412\nuse std::fs::File;\n\nmod foo {\n    fn some_function(f: File) {}\n}\n```\n\n```\nuse std::fs::File;\n\nmod foo {\n    // either\n    use super::File;\n    // or\n    // use std::fs::File;\n    fn foo(f: File) {}\n}\n# fn main() {} // don't insert it for us; that'll break imports\n```\n"},"level":"error","spans":[{"file_name":"/home/w/.cargo/registry/src/index.crates.io-6f17d22bba15001f/parking_lot_core-0.9.8/src/parking_lot.rs","byte_start":3539,"byte_end":3553,"line_start":116,"line_end":116,"column_start":14,"column_end":28,"is_primary":true,"text":[{"text":"    timeout: TimeoutInstant,","highlight_start":14,"highlight_end":28}],"label":"not found in this scope","suggested_replacement":null,"suggestion_applicability":null,"expansion":null}],"children":[],"rendered":"\u001b[0m\u001b[1m\u001b[38;5;9merror[E0412]\u001b[0m\u001b[0m\u001b[1m: cannot find type `TimeoutInstant` in this scope\u001b[0m\n\u001b[0m   \u001b[0m\u001b[0m\u001b[1m\u001b[38;5;12m--> \u001b[0m\u001b[0m/home/w/.cargo/registry/src/index.crates.io-6f17d22bba15001f/parking_lot_core-0.9.8/src/parking_lot.rs:116:14\u001b[0m\n\u001b[0m    \u001b[0m\u001b[0m\u001b[1m\u001b[38;5;12m|\u001b[0m\n\u001b[0m\u001b[1m\u001b[38;5;12m116\u001b[0m\u001b[0m \u001b[0m\u001b[0m\u001b[1m\u001b[38;5;12m|\u001b[0m\u001b[0m \u001b[0m\u001b[0m    timeout: TimeoutInstant,\u001b[0m\n\u001b[0m    \u001b[0m\u001b[0m\u001b[1m\u001b[38;5;12m| \u001b[0m\u001b[0m             \u001b[0m\u001b[0m\u001b[1m\u001b[38;5;9m^^^^^^^^^^^^^^\u001b[0m\u001b[0m \u001b[0m\u001b[0m\u001b[1m\u001b[38;5;9mnot found in this scope\u001b[0m\n\n"}
{"message":"cannot find type `TimeoutInstant` in this scope","code":{"code":"E0412","explanation":"A used type name is not in scope.\n\nErroneous code examples:\n\n```compile_fail,E0412\nimpl Something {} // error: type name `Something` is not in scope\n\n// or:\n\ntrait Foo {\n    fn bar(N); // error: type name `N` is not in scope\n}\n\n// or:\n\nfn foo(x: T) {} // type name `T` is not in scope\n```\n\nTo fix this error, please verify you didn't misspell the type name, you did\ndeclare it or imported it into the scope. Examples:\n\n```\nstruct Something;\n\nimpl Something {} // ok!\n\n// or:\n\ntrait Foo {\n    type N;\n\n    fn bar(_: Self::N); // ok!\n}\n\n// or:\n\nfn foo<T>(x: T) {} // ok!\n```\n\nAnother case that causes this error is when a type is imported into a parent\nmodule. To fix this, you can follow the suggestion and use File directly or\n`use super::File;` which will import the types from the parent namespace. An\nexample that causes this error is below:\n\n```compile_fail,E0412\nuse std::fs::File;\n\nmod foo {\n    fn some_function(f: File) {}\n}\n```\n\n```\nuse std::fs::File;\n\nmod foo {\n    // either\n    use super::File;\n    // or\n    // use std::fs::File;\n    fn foo(f: File) {}\n}\n# fn main() {} // don't insert it for us; that'll break imports\n```\n"},"level":"error","spans":[{"file_name":"/home/w/.cargo/registry/src/index.crates.io-6f17d22bba15001f/parking_lot_core-0.9.8/src/parking_lot.rs","byte_start":3682,"byte_end":3696,"line_start":124,"line_end":124,"column_start":21,"column_end":35,"is_primary":true,"text":[{"text":"    fn new(timeout: TimeoutInstant, seed: u32) -> FairTimeout {","highlight_start":21,"highlight_end":35}],"label":"not found in this scope","suggested_replacement":null,"suggestion_applicability":null,"expansion":null}],"children":[],"rendered":"\u001b[0m\u001b[1m\u001b[38;5;9merror[E0412]\u001b[0m\u001b[0m\u001b[1m: cannot find type `TimeoutInstant` in this scope\u001b[0m\n\u001b[0m   \u001b[0m\u001b[0m\u001b[1m\u001b[38;5;12m--> \u001b[0m\u001b[0m/home/w/.cargo/registry/src/index.crates.io-6f17d22bba15001f/parking_lot_core-0.9.8/src/parking_lot.rs:124:21\u001b[0m\n\u001b[0m    \u001b[0m\u001b[0m\u001b[1m\u001b[38;5;12m|\u001b[0m\n\u001b[0m\u001b[1m\u001b[38;5;12m124\u001b[0m\u001b[0m \u001b[0m\u001b[0m\u001b[1m\u001b[38;5;12m|\u001b[0m\u001b[0m \u001b[0m\u001b[0m    fn new(timeout: TimeoutInstant, seed: u32) -> FairTimeout {\u001b[0m\n\u001b[0m    \u001b[0m\u001b[0m\u001b[1m\u001b[38;5;12m| \u001b[0m\u001b[0m                    \u001b[0m\u001b[0m\u001b[1m\u001b[38;5;9m^^^^^^^^^^^^^^\u001b[0m\u001b[0m \u001b[0m\u001b[0m\u001b[1m\u001b[38;5;9mnot found in this scope\u001b[0m\n\n"}
{"message":"failed to resolve: use of undeclared type `TimeoutInstant`","code":{"code":"E0433","explanation":"An undeclared crate, module, or type was used.\n\nErroneous code example:\n\n```compile_fail,E0433\nlet map = HashMap::new();\n// error: failed to resolve: use of undeclared type `HashMap`\n```\n\nPlease verify you didn't misspell the type/module's name or that you didn't\nforget to import it:\n\n```\nuse std::collections::HashMap; // HashMap has been imported.\nlet map: HashMap<u32, u32> = HashMap::new(); // So it can be used!\n```\n\nIf you've expected to use a crate name:\n\n```compile_fail\nuse ferris_wheel::BigO;\n// error: failed to resolve: use of undeclared crate or module `ferris_wheel`\n```\n\nMake sure the crate has been added as a dependency in `Cargo.toml`.\n\nTo use a module from your current crate, add the `crate::` prefix to the path.\n"},"level":"error","spans":[{"file_name":"/home/w/.cargo/registry/src/index.crates.io-6f17d22bba15001f/parking_lot_core-0.9.8/src/parking_lot.rs","byte_start":2418,"byte_end":2432,"line_start":74,"line_end":74,"column_start":19,"column_end":33,"is_primary":true,"text":[{"text":"        let now = TimeoutInstant::now();","highlight_start":19,"highlight_end":33}],"label":"use of undeclared type `TimeoutInstant`","suggested_replacement":null,"suggestion_applicability":null,"expansion":null}],"children":[],"rendered":"\u001b[0m\u001b[1m\u001b[38;5;9merror[E0433]\u001b[0m\u001b[0m\u001b[1m: failed to resolve: use of undeclared type `TimeoutInstant`\u001b[0m\n\u001b[0m  \u001b[0m\u001b[0m\u001b[1m\u001b[38;5;12m--> \u001b[0m\u001b[0m/home/w/.cargo/registry/src/index.crates.io-6f17d22bba15001f/parking_lot_core-0.9.8/src/parking_lot.rs:74:19\u001b[0m\n\u001b[0m   \u001b[0m\u001b[0m\u001b[1m\u001b[38;5;12m|\u001b[0m\n\u001b[0m\u001b[1m\u001b[38;5;12m74\u001b[0m\u001b[0m \u001b[0m\u001b[0m\u001b[1m\u001b[38;5;12m|\u001b[0m\u001b[0m \u001b[0m\u001b[0m        let now = TimeoutInstant::now();\u001b[0m\n\u001b[0m   \u001b[0m\u001b[0m\u001b[1m\u001b[38;5;12m| \u001b[0m\u001b[0m                  \u001b[0m\u001b[0m\u001b[1m\u001b[38;5;9m^^^^^^^^^^^^^^\u001b[0m\u001b[0m \u001b[0m\u001b[0m\u001b[1m\u001b[38;5;9muse of undeclared type `TimeoutInstant`\u001b[0m\n\n"}
{"message":"failed to resolve: use of undeclared type `TimeoutInstant`","code":{"code":"E0433","explanation":"An undeclared crate, module, or type was used.\n\nErroneous code example:\n\n```compile_fail,E0433\nlet map = HashMap::new();\n// error: failed to resolve: use of undeclared type `HashMap`\n```\n\nPlease verify you didn't misspell the type/module's name or that you didn't\nforget to import it:\n\n```\nuse std::collections::HashMap; // HashMap has been imported.\nlet map: HashMap<u32, u32> = HashMap::new(); // So it can be used!\n```\n\nIf you've expected to use a crate name:\n\n```compile_fail\nuse ferris_wheel::BigO;\n// error: failed to resolve: use of undeclared crate or module `ferris_wheel`\n```\n\nMake sure the crate has been added as a dependency in `Cargo.toml`.\n\nTo use a module from your current crate, add the `crate::` prefix to the path.\n"},"level":"error","spans":[{"file_name":"/home/w/.cargo/registry/src/index.crates.io-6f17d22bba15001f/parking_lot_core-0.9.8/src/parking_lot.rs","byte_start":3925,"byte_end":3939,"line_start":131,"line_end":131,"column_start":19,"column_end":33,"is_primary":true,"text":[{"text":"        let now = TimeoutInstant::now();","highlight_start":19,"highlight_end":33}],"label":"use of undeclared type `TimeoutInstant`","suggested_replacement":null,"suggestion_applicability":null,"expansion":null}],"children":[],"rendered":"\u001b[0m\u001b[1m\u001b[38;5;9merror[E0433]\u001b[0m\u001b[0m\u001b[1m: failed to resolve: use of undeclared type `TimeoutInstant`\u001b[0m\n\u001b[0m   \u001b[0m\u001b[0m\u001b[1m\u001b[38;5;12m--> \u001b[0m\u001b[0m/home/w/.cargo/registry/src/index.crates.io-6f17d22bba15001f/parking_lot_core-0.9.8/src/parking_lot.rs:131:19\u001b[0m\n\u001b[0m    \u001b[0m\u001b[0m\u001b[1m\u001b[38;5;12m|\u001b[0m\n\u001b[0m\u001b[1m\u001b[38;5;12m131\u001b[0m\u001b[0m \u001b[0m\u001b[0m\u001b[1m\u001b[38;5;12m|\u001b[0m\u001b[0m \u001b[0m\u001b[0m        let now = TimeoutInstant::now();\u001b[0m\n\u001b[0m    \u001b[0m\u001b[0m\u001b[1m\u001b[38;5;12m| \u001b[0m\u001b[0m                  \u001b[0m\u001b[0m\u001b[1m\u001b[38;5;9m^^^^^^^^^^^^^^\u001b[0m\u001b[0m \u001b[0m\u001b[0m\u001b[1m\u001b[38;5;9muse of undeclared type `TimeoutInstant`\u001b[0m\n\n"}
{"message":"aborting due to 11 previous errors","code":null,"level":"error","spans":[],"children":[],"rendered":"\u001b[0m\u001b[1m\u001b[38;5;9merror\u001b[0m\u001b[0m\u001b[1m: aborting due to 11 previous errors\u001b[0m\n\n"}
{"message":"Some errors have detailed explanations: E0412, E0432, E0433, E0514.","code":null,"level":"failure-note","spans":[],"children":[],"rendered":"\u001b[0m\u001b[1mSome errors have detailed explanations: E0412, E0432, E0433, E0514.\u001b[0m\n"}
{"message":"For more information about an error, try `rustc --explain E0412`.","code":null,"level":"failure-note","spans":[],"children":[],"rendered":"\u001b[0m\u001b[1mFor more information about an error, try `rustc --explain E0412`.\u001b[0m\n"}
